<?xml version="1.0" encoding="UTF-8"?>
<testsuite name="BullsCowsTest" tests="1" skipped="0" failures="0" errors="0" timestamp="2021-03-14T16:39:32" hostname="192-168-0-187.rdsnet.ro" time="4.47">
  <properties/>
  <testcase name="start" classname="BullsCowsTest" time="4.47"/>
  <system-out><![CDATA[?[1;31m
Start test 1?[0m
Input the length of the secret code:
> 1
Input the number of possible symbols in the code:
> 10
The secret is prepared:  * (0-9).
8
Okay, let's start a game!
Turn 1:
> 0
Grade: None

Turn 2:
> 1
Grade: None

Turn 3:
> 2
Grade: None

Turn 4:
> 3
Grade: None

Turn 5:
> 4
Grade: None

Turn 6:
> 5
Grade: None

Turn 7:
> 6
Grade: None

Turn 8:
> 7
Grade: None

Turn 9:
> 8
Grade: 1 bull
Congratulations! You guessed the secret code.
?[1;31m
Start test 2?[0m
Input the length of the secret code:
> 4
Input the number of possible symbols in the code:
> 10
The secret is prepared:  **** (0-9).
8561
Okay, let's start a game!
Turn 1:
> 0000
Grade: None

Turn 2:
> 1111
Grade: 1 bull and 3 cow

Turn 3:
> 2222
Grade: None

Turn 4:
> 3333
Grade: None

Turn 5:
> 4444
Grade: None

Turn 6:
> 5555
Grade: 1 bull and 3 cow

Turn 7:
> 6666
Grade: 1 bull and 3 cow

Turn 8:
> 7777
Grade: None

Turn 9:
> 8888
Grade: 1 bull and 3 cow

Turn 10:
> 1568
Grade: 2 bull and 2 cow

Turn 11:
> 5168
Grade: 1 bull and 3 cow

Turn 12:
> 6158
Grade: 4 cow

Turn 13:
> 1658
Grade: 4 cow

Turn 14:
> 5618
Grade: 4 cow

Turn 15:
> 6518
Grade: 1 bull and 3 cow

Turn 16:
> 8516
Grade: 2 bull and 2 cow

Turn 17:
> 5816
Grade: 4 cow

Turn 18:
> 1856
Grade: 4 cow

Turn 19:
> 8156
Grade: 1 bull and 3 cow

Turn 20:
> 5186
Grade: 4 cow

Turn 21:
> 1586
Grade: 1 bull and 3 cow

Turn 22:
> 1685
Grade: 4 cow

Turn 23:
> 6185
Grade: 4 cow

Turn 24:
> 8165
Grade: 2 bull and 2 cow

Turn 25:
> 1865
Grade: 1 bull and 3 cow

Turn 26:
> 6815
Grade: 4 cow

Turn 27:
> 8615
Grade: 1 bull and 3 cow

Turn 28:
> 8651
Grade: 2 bull and 2 cow

Turn 29:
> 6851
Grade: 1 bull and 3 cow

Turn 30:
> 5861
Grade: 2 bull and 2 cow

Turn 31:
> 8561
Grade: 4 bull
Congratulations! You guessed the secret code.
?[1;31m
Start test 3?[0m
Input the length of the secret code:
> 6
Input the number of possible symbols in the code:
> 10
The secret is prepared:  ****** (0-9).
856172
Okay, let's start a game!
Turn 1:
> 000000
Grade: None

Turn 2:
> 111111
Grade: 1 bull and 5 cow

Turn 3:
> 222222
Grade: 1 bull and 5 cow

Turn 4:
> 333333
Grade: None

Turn 5:
> 444444
Grade: None

Turn 6:
> 555555
Grade: 1 bull and 5 cow

Turn 7:
> 666666
Grade: 1 bull and 5 cow

Turn 8:
> 777777
Grade: 1 bull and 5 cow

Turn 9:
> 888888
Grade: 1 bull and 5 cow

Turn 10:
> 125678
Grade: 1 bull and 5 cow

Turn 11:
> 215678
Grade: 1 bull and 5 cow

Turn 12:
> 512678
Grade: 1 bull and 5 cow

Turn 13:
> 152678
Grade: 2 bull and 4 cow

Turn 14:
> 251678
Grade: 2 bull and 4 cow

Turn 15:
> 521678
Grade: 1 bull and 5 cow

Turn 16:
> 621578
Grade: 1 bull and 5 cow

Turn 17:
> 261578
Grade: 1 bull and 5 cow

Turn 18:
> 162578
Grade: 1 bull and 5 cow

Turn 19:
> 612578
Grade: 1 bull and 5 cow

Turn 20:
> 216578
Grade: 2 bull and 4 cow

Turn 21:
> 126578
Grade: 2 bull and 4 cow

Turn 22:
> 156278
Grade: 3 bull and 3 cow

Turn 23:
> 516278
Grade: 2 bull and 4 cow

Turn 24:
> 615278
Grade: 1 bull and 5 cow

Turn 25:
> 165278
Grade: 1 bull and 5 cow

Turn 26:
> 561278
Grade: 1 bull and 5 cow

Turn 27:
> 651278
Grade: 2 bull and 4 cow

Turn 28:
> 652178
Grade: 3 bull and 3 cow

Turn 29:
> 562178
Grade: 2 bull and 4 cow

Turn 30:
> 265178
Grade: 2 bull and 4 cow

Turn 31:
> 625178
Grade: 2 bull and 4 cow

Turn 32:
> 526178
Grade: 3 bull and 3 cow

Turn 33:
> 256178
Grade: 4 bull and 2 cow

Turn 34:
> 756128
Grade: 3 bull and 3 cow

Turn 35:
> 576128
Grade: 2 bull and 4 cow

Turn 36:
> 675128
Grade: 1 bull and 5 cow

Turn 37:
> 765128
Grade: 1 bull and 5 cow

Turn 38:
> 567128
Grade: 1 bull and 5 cow

Turn 39:
> 657128
Grade: 2 bull and 4 cow

Turn 40:
> 157628
Grade: 1 bull and 5 cow

Turn 41:
> 517628
Grade: 6 cow

Turn 42:
> 715628
Grade: 6 cow

Turn 43:
> 175628
Grade: 6 cow

Turn 44:
> 571628
Grade: 6 cow

Turn 45:
> 751628
Grade: 1 bull and 5 cow

Turn 46:
> 761528
Grade: 6 cow

Turn 47:
> 671528
Grade: 6 cow

Turn 48:
> 176528
Grade: 1 bull and 5 cow

Turn 49:
> 716528
Grade: 1 bull and 5 cow

Turn 50:
> 617528
Grade: 6 cow

Turn 51:
> 167528
Grade: 6 cow

Turn 52:
> 165728
Grade: 6 cow

Turn 53:
> 615728
Grade: 6 cow

Turn 54:
> 516728
Grade: 1 bull and 5 cow

Turn 55:
> 156728
Grade: 2 bull and 4 cow

Turn 56:
> 651728
Grade: 1 bull and 5 cow

Turn 57:
> 561728
Grade: 6 cow

Turn 58:
> 261758
Grade: 6 cow

Turn 59:
> 621758
Grade: 6 cow

Turn 60:
> 126758
Grade: 1 bull and 5 cow

Turn 61:
> 216758
Grade: 1 bull and 5 cow

Turn 62:
> 612758
Grade: 6 cow

Turn 63:
> 162758
Grade: 6 cow

Turn 64:
> 762158
Grade: 1 bull and 5 cow

Turn 65:
> 672158
Grade: 1 bull and 5 cow

Turn 66:
> 276158
Grade: 2 bull and 4 cow

Turn 67:
> 726158
Grade: 2 bull and 4 cow

Turn 68:
> 627158
Grade: 1 bull and 5 cow

Turn 69:
> 267158
Grade: 1 bull and 5 cow

Turn 70:
> 217658
Grade: 6 cow

Turn 71:
> 127658
Grade: 6 cow

Turn 72:
> 721658
Grade: 6 cow

Turn 73:
> 271658
Grade: 6 cow

Turn 74:
> 172658
Grade: 6 cow

Turn 75:
> 712658
Grade: 6 cow

Turn 76:
> 716258
Grade: 1 bull and 5 cow

Turn 77:
> 176258
Grade: 1 bull and 5 cow

Turn 78:
> 671258
Grade: 6 cow

Turn 79:
> 761258
Grade: 6 cow

Turn 80:
> 167258
Grade: 6 cow

Turn 81:
> 617258
Grade: 6 cow

Turn 82:
> 517268
Grade: 6 cow

Turn 83:
> 157268
Grade: 1 bull and 5 cow

Turn 84:
> 751268
Grade: 1 bull and 5 cow

Turn 85:
> 571268
Grade: 6 cow

Turn 86:
> 175268
Grade: 6 cow

Turn 87:
> 715268
Grade: 6 cow

Turn 88:
> 215768
Grade: 6 cow

Turn 89:
> 125768
Grade: 6 cow

Turn 90:
> 521768
Grade: 6 cow

Turn 91:
> 251768
Grade: 1 bull and 5 cow

Turn 92:
> 152768
Grade: 1 bull and 5 cow

Turn 93:
> 512768
Grade: 6 cow

Turn 94:
> 572168
Grade: 1 bull and 5 cow

Turn 95:
> 752168
Grade: 2 bull and 4 cow

Turn 96:
> 257168
Grade: 2 bull and 4 cow

Turn 97:
> 527168
Grade: 1 bull and 5 cow

Turn 98:
> 725168
Grade: 1 bull and 5 cow

Turn 99:
> 275168
Grade: 1 bull and 5 cow

Turn 100:
> 271568
Grade: 6 cow

Turn 101:
> 721568
Grade: 6 cow

Turn 102:
> 127568
Grade: 6 cow

Turn 103:
> 217568
Grade: 6 cow

Turn 104:
> 712568
Grade: 6 cow

Turn 105:
> 172568
Grade: 6 cow

Turn 106:
> 672518
Grade: 6 cow

Turn 107:
> 762518
Grade: 6 cow

Turn 108:
> 267518
Grade: 6 cow

Turn 109:
> 627518
Grade: 6 cow

Turn 110:
> 726518
Grade: 1 bull and 5 cow

Turn 111:
> 276518
Grade: 1 bull and 5 cow

Turn 112:
> 576218
Grade: 1 bull and 5 cow

Turn 113:
> 756218
Grade: 2 bull and 4 cow

Turn 114:
> 657218
Grade: 1 bull and 5 cow

Turn 115:
> 567218
Grade: 6 cow

Turn 116:
> 765218
Grade: 6 cow

Turn 117:
> 675218
Grade: 6 cow

Turn 118:
> 625718
Grade: 6 cow

Turn 119:
> 265718
Grade: 6 cow

Turn 120:
> 562718
Grade: 6 cow

Turn 121:
> 652718
Grade: 1 bull and 5 cow

Turn 122:
> 256718
Grade: 2 bull and 4 cow

Turn 123:
> 526718
Grade: 1 bull and 5 cow

Turn 124:
> 527618
Grade: 6 cow

Turn 125:
> 257618
Grade: 1 bull and 5 cow

Turn 126:
> 752618
Grade: 1 bull and 5 cow

Turn 127:
> 572618
Grade: 6 cow

Turn 128:
> 275618
Grade: 6 cow

Turn 129:
> 725618
Grade: 6 cow

Turn 130:
> 825617
Grade: 1 bull and 5 cow

Turn 131:
> 285617
Grade: 6 cow

Turn 132:
> 582617
Grade: 6 cow

Turn 133:
> 852617
Grade: 2 bull and 4 cow

Turn 134:
> 258617
Grade: 1 bull and 5 cow

Turn 135:
> 528617
Grade: 6 cow

Turn 136:
> 628517
Grade: 6 cow

Turn 137:
> 268517
Grade: 6 cow

Turn 138:
> 862517
Grade: 1 bull and 5 cow

Turn 139:
> 682517
Grade: 6 cow

Turn 140:
> 286517
Grade: 1 bull and 5 cow

Turn 141:
> 826517
Grade: 2 bull and 4 cow

Turn 142:
> 856217
Grade: 3 bull and 3 cow

Turn 143:
> 586217
Grade: 1 bull and 5 cow

Turn 144:
> 685217
Grade: 6 cow

Turn 145:
> 865217
Grade: 1 bull and 5 cow

Turn 146:
> 568217
Grade: 6 cow

Turn 147:
> 658217
Grade: 1 bull and 5 cow

Turn 148:
> 652817
Grade: 1 bull and 5 cow

Turn 149:
> 562817
Grade: 6 cow

Turn 150:
> 265817
Grade: 6 cow

Turn 151:
> 625817
Grade: 6 cow

Turn 152:
> 526817
Grade: 1 bull and 5 cow

Turn 153:
> 256817
Grade: 2 bull and 4 cow

Turn 154:
> 156827
Grade: 2 bull and 4 cow

Turn 155:
> 516827
Grade: 1 bull and 5 cow

Turn 156:
> 615827
Grade: 6 cow

Turn 157:
> 165827
Grade: 6 cow

Turn 158:
> 561827
Grade: 6 cow

Turn 159:
> 651827
Grade: 1 bull and 5 cow

Turn 160:
> 851627
Grade: 2 bull and 4 cow

Turn 161:
> 581627
Grade: 6 cow

Turn 162:
> 185627
Grade: 6 cow

Turn 163:
> 815627
Grade: 1 bull and 5 cow

Turn 164:
> 518627
Grade: 6 cow

Turn 165:
> 158627
Grade: 1 bull and 5 cow

Turn 166:
> 168527
Grade: 6 cow

Turn 167:
> 618527
Grade: 6 cow

Turn 168:
> 816527
Grade: 2 bull and 4 cow

Turn 169:
> 186527
Grade: 1 bull and 5 cow

Turn 170:
> 681527
Grade: 6 cow

Turn 171:
> 861527
Grade: 1 bull and 5 cow

Turn 172:
> 865127
Grade: 2 bull and 4 cow

Turn 173:
> 685127
Grade: 1 bull and 5 cow

Turn 174:
> 586127
Grade: 2 bull and 4 cow

Turn 175:
> 856127
Grade: 4 bull and 2 cow

Turn 176:
> 658127
Grade: 2 bull and 4 cow

Turn 177:
> 568127
Grade: 1 bull and 5 cow

Turn 178:
> 268157
Grade: 1 bull and 5 cow

Turn 179:
> 628157
Grade: 1 bull and 5 cow

Turn 180:
> 826157
Grade: 3 bull and 3 cow

Turn 181:
> 286157
Grade: 2 bull and 4 cow

Turn 182:
> 682157
Grade: 1 bull and 5 cow

Turn 183:
> 862157
Grade: 2 bull and 4 cow

Turn 184:
> 162857
Grade: 6 cow

Turn 185:
> 612857
Grade: 6 cow

Turn 186:
> 216857
Grade: 1 bull and 5 cow

Turn 187:
> 126857
Grade: 1 bull and 5 cow

Turn 188:
> 621857
Grade: 6 cow

Turn 189:
> 261857
Grade: 6 cow

Turn 190:
> 281657
Grade: 6 cow

Turn 191:
> 821657
Grade: 1 bull and 5 cow

Turn 192:
> 128657
Grade: 6 cow

Turn 193:
> 218657
Grade: 6 cow

Turn 194:
> 812657
Grade: 1 bull and 5 cow

Turn 195:
> 182657
Grade: 6 cow

Turn 196:
> 186257
Grade: 1 bull and 5 cow

Turn 197:
> 816257
Grade: 2 bull and 4 cow

Turn 198:
> 618257
Grade: 6 cow

Turn 199:
> 168257
Grade: 6 cow

Turn 200:
> 861257
Grade: 1 bull and 5 cow

Turn 201:
> 681257
Grade: 6 cow

Turn 202:
> 581267
Grade: 6 cow

Turn 203:
> 851267
Grade: 2 bull and 4 cow

Turn 204:
> 158267
Grade: 1 bull and 5 cow

Turn 205:
> 518267
Grade: 6 cow

Turn 206:
> 815267
Grade: 1 bull and 5 cow

Turn 207:
> 185267
Grade: 6 cow

Turn 208:
> 285167
Grade: 1 bull and 5 cow

Turn 209:
> 825167
Grade: 2 bull and 4 cow

Turn 210:
> 528167
Grade: 1 bull and 5 cow

Turn 211:
> 258167
Grade: 2 bull and 4 cow

Turn 212:
> 852167
Grade: 3 bull and 3 cow

Turn 213:
> 582167
Grade: 1 bull and 5 cow

Turn 214:
> 512867
Grade: 6 cow

Turn 215:
> 152867
Grade: 1 bull and 5 cow

Turn 216:
> 251867
Grade: 1 bull and 5 cow

Turn 217:
> 521867
Grade: 6 cow

Turn 218:
> 125867
Grade: 6 cow

Turn 219:
> 215867
Grade: 6 cow

Turn 220:
> 218567
Grade: 6 cow

Turn 221:
> 128567
Grade: 6 cow

Turn 222:
> 821567
Grade: 1 bull and 5 cow

Turn 223:
> 281567
Grade: 6 cow

Turn 224:
> 182567
Grade: 6 cow

Turn 225:
> 812567
Grade: 1 bull and 5 cow

Turn 226:
> 612587
Grade: 6 cow

Turn 227:
> 162587
Grade: 6 cow

Turn 228:
> 261587
Grade: 6 cow

Turn 229:
> 621587
Grade: 6 cow

Turn 230:
> 126587
Grade: 1 bull and 5 cow

Turn 231:
> 216587
Grade: 1 bull and 5 cow

Turn 232:
> 516287
Grade: 1 bull and 5 cow

Turn 233:
> 156287
Grade: 2 bull and 4 cow

Turn 234:
> 651287
Grade: 1 bull and 5 cow

Turn 235:
> 561287
Grade: 6 cow

Turn 236:
> 165287
Grade: 6 cow

Turn 237:
> 615287
Grade: 6 cow

Turn 238:
> 625187
Grade: 1 bull and 5 cow

Turn 239:
> 265187
Grade: 1 bull and 5 cow

Turn 240:
> 562187
Grade: 1 bull and 5 cow

Turn 241:
> 652187
Grade: 2 bull and 4 cow

Turn 242:
> 256187
Grade: 3 bull and 3 cow

Turn 243:
> 526187
Grade: 2 bull and 4 cow

Turn 244:
> 521687
Grade: 6 cow

Turn 245:
> 251687
Grade: 1 bull and 5 cow

Turn 246:
> 152687
Grade: 1 bull and 5 cow

Turn 247:
> 512687
Grade: 6 cow

Turn 248:
> 215687
Grade: 6 cow

Turn 249:
> 125687
Grade: 6 cow

Turn 250:
> 175682
Grade: 1 bull and 5 cow

Turn 251:
> 715682
Grade: 1 bull and 5 cow

Turn 252:
> 517682
Grade: 1 bull and 5 cow

Turn 253:
> 157682
Grade: 2 bull and 4 cow

Turn 254:
> 751682
Grade: 2 bull and 4 cow

Turn 255:
> 571682
Grade: 1 bull and 5 cow

Turn 256:
> 671582
Grade: 1 bull and 5 cow

Turn 257:
> 761582
Grade: 1 bull and 5 cow

Turn 258:
> 167582
Grade: 1 bull and 5 cow

Turn 259:
> 617582
Grade: 1 bull and 5 cow

Turn 260:
> 716582
Grade: 2 bull and 4 cow

Turn 261:
> 176582
Grade: 2 bull and 4 cow

Turn 262:
> 156782
Grade: 3 bull and 3 cow

Turn 263:
> 516782
Grade: 2 bull and 4 cow

Turn 264:
> 615782
Grade: 1 bull and 5 cow

Turn 265:
> 165782
Grade: 1 bull and 5 cow

Turn 266:
> 561782
Grade: 1 bull and 5 cow

Turn 267:
> 651782
Grade: 2 bull and 4 cow

Turn 268:
> 657182
Grade: 3 bull and 3 cow

Turn 269:
> 567182
Grade: 2 bull and 4 cow

Turn 270:
> 765182
Grade: 2 bull and 4 cow

Turn 271:
> 675182
Grade: 2 bull and 4 cow

Turn 272:
> 576182
Grade: 3 bull and 3 cow

Turn 273:
> 756182
Grade: 4 bull and 2 cow

Turn 274:
> 856172
Grade: 6 bull
Congratulations! You guessed the secret code.
?[1;31m
Start test 4?[0m
Input the length of the secret code:
> 11
Input the number of possible symbols in the code:
> 10
?[1;31m
Start test 5?[0m
Input the length of the secret code:
> 4
Input the number of possible symbols in the code:
> 16
The secret is prepared: **** (0-9, a-f).
5bcd
Okay, let's start a game!
Turn 1:
> 0000
Grade: None

Turn 2:
> 1111
Grade: None

Turn 3:
> 2222
Grade: None

Turn 4:
> 3333
Grade: None

Turn 5:
> 4444
Grade: None

Turn 6:
> 5555
Grade: 1 bull and 3 cow

Turn 7:
> 6666
Grade: None

Turn 8:
> 7777
Grade: None

Turn 9:
> 8888
Grade: None

Turn 10:
> 9999
Grade: None

Turn 11:
> aaaa
Grade: None

Turn 12:
> bbbb
Grade: 1 bull and 3 cow

Turn 13:
> cccc
Grade: 1 bull and 3 cow

Turn 14:
> dddd
Grade: 1 bull and 3 cow

Turn 15:
> 5bcd
Grade: 4 bull
Congratulations! You guessed the secret code.
?[1;31m
Start test 6?[0m
Input the length of the secret code:
> 6
Input the number of possible symbols in the code:
> 36
The secret is prepared: ****** (0-9, a-z).
alc8yq
Okay, let's start a game!
Turn 1:
> 000000
Grade: None

Turn 2:
> 111111
Grade: None

Turn 3:
> 222222
Grade: None

Turn 4:
> 333333
Grade: None

Turn 5:
> 444444
Grade: None

Turn 6:
> 555555
Grade: None

Turn 7:
> 666666
Grade: None

Turn 8:
> 777777
Grade: None

Turn 9:
> 888888
Grade: 1 bull and 5 cow

Turn 10:
> 999999
Grade: None

Turn 11:
> aaaaaa
Grade: 1 bull and 5 cow

Turn 12:
> bbbbbb
Grade: None

Turn 13:
> cccccc
Grade: 1 bull and 5 cow

Turn 14:
> dddddd
Grade: None

Turn 15:
> eeeeee
Grade: None

Turn 16:
> ffffff
Grade: None

Turn 17:
> gggggg
Grade: None

Turn 18:
> hhhhhh
Grade: None

Turn 19:
> iiiiii
Grade: None

Turn 20:
> jjjjjj
Grade: None

Turn 21:
> kkkkkk
Grade: None

Turn 22:
> llllll
Grade: 1 bull and 5 cow

Turn 23:
> mmmmmm
Grade: None

Turn 24:
> nnnnnn
Grade: None

Turn 25:
> oooooo
Grade: None

Turn 26:
> pppppp
Grade: None

Turn 27:
> qqqqqq
Grade: 1 bull and 5 cow

Turn 28:
> rrrrrr
Grade: None

Turn 29:
> ssssss
Grade: None

Turn 30:
> tttttt
Grade: None

Turn 31:
> uuuuuu
Grade: None

Turn 32:
> vvvvvv
Grade: None

Turn 33:
> wwwwww
Grade: None

Turn 34:
> xxxxxx
Grade: None

Turn 35:
> yyyyyy
Grade: 1 bull and 5 cow

Turn 36:
> 8aclqy
Grade: 1 bull and 5 cow

Turn 37:
> a8clqy
Grade: 2 bull and 4 cow

Turn 38:
> c8alqy
Grade: 6 cow

Turn 39:
> 8calqy
Grade: 6 cow

Turn 40:
> ac8lqy
Grade: 1 bull and 5 cow

Turn 41:
> ca8lqy
Grade: 6 cow

Turn 42:
> la8cqy
Grade: 6 cow

Turn 43:
> al8cqy
Grade: 2 bull and 4 cow

Turn 44:
> 8lacqy
Grade: 1 bull and 5 cow

Turn 45:
> l8acqy
Grade: 6 cow

Turn 46:
> a8lcqy
Grade: 1 bull and 5 cow

Turn 47:
> 8alcqy
Grade: 6 cow

Turn 48:
> 8claqy
Grade: 6 cow

Turn 49:
> c8laqy
Grade: 6 cow

Turn 50:
> l8caqy
Grade: 1 bull and 5 cow

Turn 51:
> 8lcaqy
Grade: 2 bull and 4 cow

Turn 52:
> cl8aqy
Grade: 1 bull and 5 cow

Turn 53:
> lc8aqy
Grade: 6 cow

Turn 54:
> lca8qy
Grade: 1 bull and 5 cow

Turn 55:
> cla8qy
Grade: 2 bull and 4 cow

Turn 56:
> alc8qy
Grade: 4 bull and 2 cow

Turn 57:
> lac8qy
Grade: 2 bull and 4 cow

Turn 58:
> cal8qy
Grade: 1 bull and 5 cow

Turn 59:
> acl8qy
Grade: 2 bull and 4 cow

Turn 60:
> qcl8ay
Grade: 1 bull and 5 cow

Turn 61:
> cql8ay
Grade: 1 bull and 5 cow

Turn 62:
> lqc8ay
Grade: 2 bull and 4 cow

Turn 63:
> qlc8ay
Grade: 3 bull and 3 cow

Turn 64:
> clq8ay
Grade: 2 bull and 4 cow

Turn 65:
> lcq8ay
Grade: 1 bull and 5 cow

Turn 66:
> 8cqlay
Grade: 6 cow

Turn 67:
> c8qlay
Grade: 6 cow

Turn 68:
> q8clay
Grade: 1 bull and 5 cow

Turn 69:
> 8qclay
Grade: 1 bull and 5 cow

Turn 70:
> cq8lay
Grade: 6 cow

Turn 71:
> qc8lay
Grade: 6 cow

Turn 72:
> ql8cay
Grade: 1 bull and 5 cow

Turn 73:
> lq8cay
Grade: 6 cow

Turn 74:
> 8qlcay
Grade: 6 cow

Turn 75:
> q8lcay
Grade: 6 cow

Turn 76:
> l8qcay
Grade: 6 cow

Turn 77:
> 8lqcay
Grade: 1 bull and 5 cow

Turn 78:
> 8lcqay
Grade: 2 bull and 4 cow

Turn 79:
> l8cqay
Grade: 1 bull and 5 cow

Turn 80:
> c8lqay
Grade: 6 cow

Turn 81:
> 8clqay
Grade: 6 cow

Turn 82:
> lc8qay
Grade: 6 cow

Turn 83:
> cl8qay
Grade: 1 bull and 5 cow

Turn 84:
> al8qcy
Grade: 2 bull and 4 cow

Turn 85:
> la8qcy
Grade: 6 cow

Turn 86:
> 8alqcy
Grade: 6 cow

Turn 87:
> a8lqcy
Grade: 1 bull and 5 cow

Turn 88:
> l8aqcy
Grade: 6 cow

Turn 89:
> 8laqcy
Grade: 1 bull and 5 cow

Turn 90:
> qla8cy
Grade: 2 bull and 4 cow

Turn 91:
> lqa8cy
Grade: 1 bull and 5 cow

Turn 92:
> aql8cy
Grade: 2 bull and 4 cow

Turn 93:
> qal8cy
Grade: 1 bull and 5 cow

Turn 94:
> laq8cy
Grade: 1 bull and 5 cow

Turn 95:
> alq8cy
Grade: 3 bull and 3 cow

Turn 96:
> a8qlcy
Grade: 1 bull and 5 cow

Turn 97:
> 8aqlcy
Grade: 6 cow

Turn 98:
> qa8lcy
Grade: 6 cow

Turn 99:
> aq8lcy
Grade: 1 bull and 5 cow

Turn 100:
> 8qalcy
Grade: 6 cow

Turn 101:
> q8alcy
Grade: 6 cow

Turn 102:
> q8lacy
Grade: 6 cow

Turn 103:
> 8qlacy
Grade: 6 cow

Turn 104:
> lq8acy
Grade: 6 cow

Turn 105:
> ql8acy
Grade: 1 bull and 5 cow

Turn 106:
> 8lqacy
Grade: 1 bull and 5 cow

Turn 107:
> l8qacy
Grade: 6 cow

Turn 108:
> c8qaly
Grade: 6 cow

Turn 109:
> 8cqaly
Grade: 6 cow

Turn 110:
> qc8aly
Grade: 6 cow

Turn 111:
> cq8aly
Grade: 6 cow

Turn 112:
> 8qcaly
Grade: 1 bull and 5 cow

Turn 113:
> q8caly
Grade: 1 bull and 5 cow

Turn 114:
> a8cqly
Grade: 2 bull and 4 cow

Turn 115:
> 8acqly
Grade: 1 bull and 5 cow

Turn 116:
> ca8qly
Grade: 6 cow

Turn 117:
> ac8qly
Grade: 1 bull and 5 cow

Turn 118:
> 8caqly
Grade: 6 cow

Turn 119:
> c8aqly
Grade: 6 cow

Turn 120:
> cqa8ly
Grade: 1 bull and 5 cow

Turn 121:
> qca8ly
Grade: 1 bull and 5 cow

Turn 122:
> acq8ly
Grade: 2 bull and 4 cow

Turn 123:
> caq8ly
Grade: 1 bull and 5 cow

Turn 124:
> qac8ly
Grade: 2 bull and 4 cow

Turn 125:
> aqc8ly
Grade: 3 bull and 3 cow

Turn 126:
> aq8cly
Grade: 1 bull and 5 cow

Turn 127:
> qa8cly
Grade: 6 cow

Turn 128:
> 8aqcly
Grade: 6 cow

Turn 129:
> a8qcly
Grade: 1 bull and 5 cow

Turn 130:
> q8acly
Grade: 6 cow

Turn 131:
> 8qacly
Grade: 6 cow

Turn 132:
> lqac8y
Grade: 6 cow

Turn 133:
> qlac8y
Grade: 1 bull and 5 cow

Turn 134:
> alqc8y
Grade: 2 bull and 4 cow

Turn 135:
> laqc8y
Grade: 6 cow

Turn 136:
> qalc8y
Grade: 6 cow

Turn 137:
> aqlc8y
Grade: 1 bull and 5 cow

Turn 138:
> cqla8y
Grade: 6 cow

Turn 139:
> qcla8y
Grade: 6 cow

Turn 140:
> lcqa8y
Grade: 6 cow

Turn 141:
> clqa8y
Grade: 1 bull and 5 cow

Turn 142:
> qlca8y
Grade: 2 bull and 4 cow

Turn 143:
> lqca8y
Grade: 1 bull and 5 cow

Turn 144:
> lacq8y
Grade: 1 bull and 5 cow

Turn 145:
> alcq8y
Grade: 3 bull and 3 cow

Turn 146:
> claq8y
Grade: 1 bull and 5 cow

Turn 147:
> lcaq8y
Grade: 6 cow

Turn 148:
> aclq8y
Grade: 1 bull and 5 cow

Turn 149:
> calq8y
Grade: 6 cow

Turn 150:
> caql8y
Grade: 6 cow

Turn 151:
> acql8y
Grade: 1 bull and 5 cow

Turn 152:
> qcal8y
Grade: 6 cow

Turn 153:
> cqal8y
Grade: 6 cow

Turn 154:
> aqcl8y
Grade: 2 bull and 4 cow

Turn 155:
> qacl8y
Grade: 1 bull and 5 cow

Turn 156:
> yacl8q
Grade: 2 bull and 4 cow

Turn 157:
> aycl8q
Grade: 3 bull and 3 cow

Turn 158:
> cyal8q
Grade: 1 bull and 5 cow

Turn 159:
> ycal8q
Grade: 1 bull and 5 cow

Turn 160:
> acyl8q
Grade: 2 bull and 4 cow

Turn 161:
> cayl8q
Grade: 1 bull and 5 cow

Turn 162:
> layc8q
Grade: 1 bull and 5 cow

Turn 163:
> alyc8q
Grade: 3 bull and 3 cow

Turn 164:
> ylac8q
Grade: 2 bull and 4 cow

Turn 165:
> lyac8q
Grade: 1 bull and 5 cow

Turn 166:
> aylc8q
Grade: 2 bull and 4 cow

Turn 167:
> yalc8q
Grade: 1 bull and 5 cow

Turn 168:
> ycla8q
Grade: 1 bull and 5 cow

Turn 169:
> cyla8q
Grade: 1 bull and 5 cow

Turn 170:
> lyca8q
Grade: 2 bull and 4 cow

Turn 171:
> ylca8q
Grade: 3 bull and 3 cow

Turn 172:
> clya8q
Grade: 2 bull and 4 cow

Turn 173:
> lcya8q
Grade: 1 bull and 5 cow

Turn 174:
> lcay8q
Grade: 1 bull and 5 cow

Turn 175:
> clay8q
Grade: 2 bull and 4 cow

Turn 176:
> alcy8q
Grade: 4 bull and 2 cow

Turn 177:
> lacy8q
Grade: 2 bull and 4 cow

Turn 178:
> caly8q
Grade: 1 bull and 5 cow

Turn 179:
> acly8q
Grade: 2 bull and 4 cow

Turn 180:
> 8clyaq
Grade: 1 bull and 5 cow

Turn 181:
> c8lyaq
Grade: 1 bull and 5 cow

Turn 182:
> l8cyaq
Grade: 2 bull and 4 cow

Turn 183:
> 8lcyaq
Grade: 3 bull and 3 cow

Turn 184:
> cl8yaq
Grade: 2 bull and 4 cow

Turn 185:
> lc8yaq
Grade: 1 bull and 5 cow

Turn 186:
> yc8laq
Grade: 1 bull and 5 cow

Turn 187:
> cy8laq
Grade: 1 bull and 5 cow

Turn 188:
> 8yclaq
Grade: 2 bull and 4 cow

Turn 189:
> y8claq
Grade: 2 bull and 4 cow

Turn 190:
> c8ylaq
Grade: 1 bull and 5 cow

Turn 191:
> 8cylaq
Grade: 1 bull and 5 cow

Turn 192:
> 8lycaq
Grade: 2 bull and 4 cow

Turn 193:
> l8ycaq
Grade: 1 bull and 5 cow

Turn 194:
> y8lcaq
Grade: 1 bull and 5 cow

Turn 195:
> 8ylcaq
Grade: 1 bull and 5 cow

Turn 196:
> ly8caq
Grade: 1 bull and 5 cow

Turn 197:
> yl8caq
Grade: 2 bull and 4 cow

Turn 198:
> ylc8aq
Grade: 4 bull and 2 cow

Turn 199:
> lyc8aq
Grade: 3 bull and 3 cow

Turn 200:
> cyl8aq
Grade: 2 bull and 4 cow

Turn 201:
> ycl8aq
Grade: 2 bull and 4 cow

Turn 202:
> lcy8aq
Grade: 2 bull and 4 cow

Turn 203:
> cly8aq
Grade: 3 bull and 3 cow

Turn 204:
> aly8cq
Grade: 4 bull and 2 cow

Turn 205:
> lay8cq
Grade: 2 bull and 4 cow

Turn 206:
> yal8cq
Grade: 2 bull and 4 cow

Turn 207:
> ayl8cq
Grade: 3 bull and 3 cow

Turn 208:
> lya8cq
Grade: 2 bull and 4 cow

Turn 209:
> yla8cq
Grade: 3 bull and 3 cow

Turn 210:
> 8laycq
Grade: 2 bull and 4 cow

Turn 211:
> l8aycq
Grade: 1 bull and 5 cow

Turn 212:
> a8lycq
Grade: 2 bull and 4 cow

Turn 213:
> 8alycq
Grade: 1 bull and 5 cow

Turn 214:
> la8ycq
Grade: 1 bull and 5 cow

Turn 215:
> al8ycq
Grade: 3 bull and 3 cow

Turn 216:
> ay8lcq
Grade: 2 bull and 4 cow

Turn 217:
> ya8lcq
Grade: 1 bull and 5 cow

Turn 218:
> 8aylcq
Grade: 1 bull and 5 cow

Turn 219:
> a8ylcq
Grade: 2 bull and 4 cow

Turn 220:
> y8alcq
Grade: 1 bull and 5 cow

Turn 221:
> 8yalcq
Grade: 1 bull and 5 cow

Turn 222:
> 8ylacq
Grade: 1 bull and 5 cow

Turn 223:
> y8lacq
Grade: 1 bull and 5 cow

Turn 224:
> l8yacq
Grade: 1 bull and 5 cow

Turn 225:
> 8lyacq
Grade: 2 bull and 4 cow

Turn 226:
> yl8acq
Grade: 2 bull and 4 cow

Turn 227:
> ly8acq
Grade: 1 bull and 5 cow

Turn 228:
> cy8alq
Grade: 1 bull and 5 cow

Turn 229:
> yc8alq
Grade: 1 bull and 5 cow

Turn 230:
> 8cyalq
Grade: 1 bull and 5 cow

Turn 231:
> c8yalq
Grade: 1 bull and 5 cow

Turn 232:
> y8calq
Grade: 2 bull and 4 cow

Turn 233:
> 8ycalq
Grade: 2 bull and 4 cow

Turn 234:
> ayc8lq
Grade: 4 bull and 2 cow

Turn 235:
> yac8lq
Grade: 3 bull and 3 cow

Turn 236:
> cay8lq
Grade: 2 bull and 4 cow

Turn 237:
> acy8lq
Grade: 3 bull and 3 cow

Turn 238:
> yca8lq
Grade: 2 bull and 4 cow

Turn 239:
> cya8lq
Grade: 2 bull and 4 cow

Turn 240:
> c8aylq
Grade: 1 bull and 5 cow

Turn 241:
> 8caylq
Grade: 1 bull and 5 cow

Turn 242:
> ac8ylq
Grade: 2 bull and 4 cow

Turn 243:
> ca8ylq
Grade: 1 bull and 5 cow

Turn 244:
> 8acylq
Grade: 2 bull and 4 cow

Turn 245:
> a8cylq
Grade: 3 bull and 3 cow

Turn 246:
> a8yclq
Grade: 2 bull and 4 cow

Turn 247:
> 8ayclq
Grade: 1 bull and 5 cow

Turn 248:
> ya8clq
Grade: 1 bull and 5 cow

Turn 249:
> ay8clq
Grade: 2 bull and 4 cow

Turn 250:
> 8yaclq
Grade: 1 bull and 5 cow

Turn 251:
> y8aclq
Grade: 1 bull and 5 cow

Turn 252:
> l8acyq
Grade: 2 bull and 4 cow

Turn 253:
> 8lacyq
Grade: 3 bull and 3 cow

Turn 254:
> al8cyq
Grade: 4 bull and 2 cow

Turn 255:
> la8cyq
Grade: 2 bull and 4 cow

Turn 256:
> 8alcyq
Grade: 2 bull and 4 cow

Turn 257:
> a8lcyq
Grade: 3 bull and 3 cow

Turn 258:
> c8layq
Grade: 2 bull and 4 cow

Turn 259:
> 8clayq
Grade: 2 bull and 4 cow

Turn 260:
> lc8ayq
Grade: 2 bull and 4 cow

Turn 261:
> cl8ayq
Grade: 3 bull and 3 cow

Turn 262:
> 8lcayq
Grade: 4 bull and 2 cow

Turn 263:
> l8cayq
Grade: 3 bull and 3 cow

Turn 264:
> lac8yq
Grade: 4 bull and 2 cow

Turn 265:
> alc8yq
Grade: 6 bull
Congratulations! You guessed the secret code.
?[1;31m
Start test 7?[0m
Input the length of the secret code:
> 0
Input the number of possible symbols in the code:
> 1
The secret is prepared:   (0-0).
Error: can't generate a secret number with a length of 11 because there aren't enough unique digits.
?[1;31m
Start test 8?[0m
Input the length of the secret code:
> 10
Input the number of possible symbols in the code:
> 9
?[1;31m
Start test 9?[0m
Input the length of the secret code:
> 9
Input the number of possible symbols in the code:
> 37
Error: maximum number of possible symbols in the code is 36 (0-9, a-z).
?[1;31m
Start test 10?[0m
Input the length of the secret code:
> abcdefg 1 -6
]]></system-out>
  <system-err><![CDATA[]]></system-err>
</testsuite>
